<?xml version="1.0" encoding="UTF-8"?>
<!-- Generated by org.testng.reporters.JUnitReportReporter -->
<testsuite hostname="DESKTOP-S4VQME9" failures="0" tests="2" name="com.DataDriven" time="6.491" errors="0" timestamp="2024-08-06T15:13:34 IST" skipped="0">
  <testcase classname="com.DataDriven" name="logintest" time="3.289"/>
  <testcase classname="com.DataDriven" name="logintest" time="3.202"/>
</testsuite> <!-- com.DataDriven -->
