<?xml version="1.0" encoding="UTF-8"?>
<!-- Generated by org.testng.reporters.JUnitReportReporter -->
<testsuite hostname="DESKTOP-S4VQME9" failures="0" tests="5" name="eshop.Payment" time="0.009" errors="0" timestamp="2024-07-20T16:34:39 IST" skipped="0">
  <testcase classname="eshop.Payment" name="COD" time="0.001"/>
  <testcase classname="eshop.Payment" name="UPI" time="0.003"/>
  <testcase classname="eshop.Payment" name="creditCart" time="0.002"/>
  <testcase classname="eshop.Payment" name="debitCart" time="0.001"/>
  <testcase classname="eshop.Payment" name="netBanking" time="0.002"/>
</testsuite> <!-- eshop.Payment -->
