<?xml version="1.0" encoding="UTF-8"?>
<!-- Generated by org.testng.reporters.JUnitReportReporter -->
<testsuite hostname="DESKTOP-S4VQME9" failures="0" tests="10" name="group_test.Product" time="0.011" errors="0" timestamp="2024-07-11T16:42:06 IST" skipped="0">
  <testcase classname="group_test.Product" name="removeFromcart" time="0.001"/>
  <testcase classname="group_test.Product" name="addToWishlist" time="0.002"/>
  <testcase classname="group_test.Product" name="addToWishlist" time="0.001"/>
  <testcase classname="group_test.Product" name="serachProduct" time="0.001"/>
  <testcase classname="group_test.Product" name="compareProduct" time="0.001"/>
  <testcase classname="group_test.Product" name="compareProduct" time="0.001"/>
  <testcase classname="group_test.Product" name="addToCart" time="0.001"/>
  <testcase classname="group_test.Product" name="removeFromcart" time="0.001"/>
  <testcase classname="group_test.Product" name="serachProduct" time="0.001"/>
  <testcase classname="group_test.Product" name="addToCart" time="0.001"/>
</testsuite> <!-- group_test.Product -->
