<?xml version="1.0" encoding="UTF-8"?>
<!-- Generated by org.testng.reporters.JUnitReportReporter -->
<testsuite hostname="DESKTOP-S4VQME9" failures="0" tests="1" name="eshop.Product" time="0.002" errors="0" timestamp="2024-07-16T15:38:08 IST" skipped="0">
  <testcase classname="eshop.Product" name="compareProduct" time="0.002"/>
</testsuite> <!-- eshop.Product -->
