<?xml version="1.0" encoding="UTF-8"?>
<!-- Generated by org.testng.reporters.JUnitReportReporter -->
<testsuite hostname="DESKTOP-S4VQME9" failures="0" tests="5" name="eshop.Product" time="0.013" errors="0" timestamp="2024-07-20T16:34:39 IST" skipped="0">
  <testcase classname="eshop.Product" name="compareProduct" time="0.001"/>
  <testcase classname="eshop.Product" name="removeFromcart" time="0.002"/>
  <testcase classname="eshop.Product" name="serachProduct" time="0.004"/>
  <testcase classname="eshop.Product" name="addToWishlist" time="0.002"/>
  <testcase classname="eshop.Product" name="addToCart" time="0.004"/>
</testsuite> <!-- eshop.Product -->
