<?xml version="1.0" encoding="UTF-8"?>
<!-- Generated by org.testng.reporters.JUnitReportReporter -->
<testsuite hostname="DESKTOP-S4VQME9" failures="0" tests="4" name="basic.P001_First" time="0.010" errors="0" timestamp="2024-07-11T16:25:58 IST" skipped="0">
  <testcase classname="basic.P001_First" name="test2" time="0.002"/>
  <testcase classname="basic.P001_First" name="test3" time="0.001"/>
  <testcase classname="basic.P001_First" name="test4" time="0.001"/>
  <testcase classname="basic.P001_First" name="test1" time="0.006"/>
</testsuite> <!-- basic.P001_First -->
