<?xml version="1.0" encoding="UTF-8"?>
<!-- Generated by org.testng.reporters.JUnitReportReporter -->
<testsuite hostname="DESKTOP-S4VQME9" failures="0" tests="1" name="parameters.ParametersDemo" time="4.363" errors="0" timestamp="2024-07-16T15:51:56 IST" skipped="0">
  <testcase classname="parameters.ParametersDemo" name="login" time="4.363"/>
</testsuite> <!-- parameters.ParametersDemo -->
