<?xml version="1.0" encoding="UTF-8"?>
<!-- Generated by org.testng.reporters.JUnitReportReporter -->
<testsuite hostname="DESKTOP-S4VQME9" failures="0" tests="8" name="group_test.User" time="0.017" errors="0" timestamp="2024-07-11T16:42:06 IST" skipped="0">
  <testcase classname="group_test.User" name="profileMange" time="0.001"/>
  <testcase classname="group_test.User" name="profileMange" time="0.002"/>
  <testcase classname="group_test.User" name="login" time="0.001"/>
  <testcase classname="group_test.User" name="logout" time="0.001"/>
  <testcase classname="group_test.User" name="login" time="0.001"/>
  <testcase classname="group_test.User" name="logout" time="0.001"/>
  <testcase classname="group_test.User" name="createAccount" time="0.009"/>
  <testcase classname="group_test.User" name="createAccount" time="0.001"/>
</testsuite> <!-- group_test.User -->
