<?xml version="1.0" encoding="UTF-8"?>
<!-- Generated by org.testng.reporters.JUnitReportReporter -->
<testsuite hostname="DESKTOP-S4VQME9" failures="0" tests="4" name="eshop.User" time="0.014" errors="0" timestamp="2024-07-20T16:34:39 IST" skipped="0">
  <testcase classname="eshop.User" name="createAccount" time="0.008"/>
  <testcase classname="eshop.User" name="login" time="0.001"/>
  <testcase classname="eshop.User" name="profileMange" time="0.002"/>
  <testcase classname="eshop.User" name="logout" time="0.003"/>
</testsuite> <!-- eshop.User -->
