<?xml version="1.0" encoding="UTF-8"?>
<!-- Generated by org.testng.reporters.JUnitReportReporter -->
<testsuite hostname="DESKTOP-S4VQME9" failures="0" tests="6" name="basic.P002_Priority" time="0.015" errors="0" timestamp="2024-07-11T16:30:50 IST" skipped="0">
  <testcase classname="basic.P002_Priority" name="createUser" time="0.008"/>
  <testcase classname="basic.P002_Priority" name="login" time="0.001"/>
  <testcase classname="basic.P002_Priority" name="profileMange" time="0.002"/>
  <testcase classname="basic.P002_Priority" name="addToCart" time="0.001"/>
  <testcase classname="basic.P002_Priority" name="payment" time="0.001"/>
  <testcase classname="basic.P002_Priority" name="logout" time="0.002"/>
</testsuite> <!-- basic.P002_Priority -->
