<?xml version="1.0" encoding="UTF-8"?>
<!-- Generated by org.testng.reporters.JUnitReportReporter -->
<testsuite hostname="DESKTOP-S4VQME9" failures="0" tests="5" name="group_test.Payment" time="0.007" errors="0" timestamp="2024-07-11T16:42:06 IST" skipped="0">
  <testcase classname="group_test.Payment" name="COD" time="0.001"/>
  <testcase classname="group_test.Payment" name="UPI" time="0.002"/>
  <testcase classname="group_test.Payment" name="debitCart" time="0.001"/>
  <testcase classname="group_test.Payment" name="creditCart" time="0.002"/>
  <testcase classname="group_test.Payment" name="netBanking" time="0.001"/>
</testsuite> <!-- group_test.Payment -->
